[18-Mar-2022 23:10:50 UTC] PHP Warning:  PHP Startup: Unable to load dynamic library 'php_imagick.dll' (tried: C:/Users/TingLau/AppData/Local/Programs/Local/resources/extraResources/lightning-services/php-7.4.1+16/bin/win64/ext\php_imagick.dll (The specified module could not be found.), C:/Users/TingLau/AppData/Local/Programs/Local/resources/extraResources/lightning-services/php-7.4.1+16/bin/win64/ext\php_php_imagick.dll.dll (The specified module could not be found.)) in Unknown on line 0
[18-Mar-2022 23:10:50 UTC] PHP Warning:  PHP Startup: Unable to load dynamic library 'php_imagick.dll' (tried: C:/Users/TingLau/AppData/Local/Programs/Local/resources/extraResources/lightning-services/php-7.4.1+16/bin/win64/ext\php_imagick.dll (The specified module could not be found.), C:/Users/TingLau/AppData/Local/Programs/Local/resources/extraResources/lightning-services/php-7.4.1+16/bin/win64/ext\php_php_imagick.dll.dll (The specified module could not be found.)) in Unknown on line 0
[18-Mar-2022 23:10:51 UTC] PHP Warning:  PHP Startup: Unable to load dynamic library 'php_imagick.dll' (tried: C:/Users/TingLau/AppData/Local/Programs/Local/resources/extraResources/lightning-services/php-7.4.1+16/bin/win64/ext\php_imagick.dll (The specified module could not be found.), C:/Users/TingLau/AppData/Local/Programs/Local/resources/extraResources/lightning-services/php-7.4.1+16/bin/win64/ext\php_php_imagick.dll.dll (The specified module could not be found.)) in Unknown on line 0
[18-Mar-2022 23:10:51 UTC] PHP Warning:  PHP Startup: Unable to load dynamic library 'php_imagick.dll' (tried: C:/Users/TingLau/AppData/Local/Programs/Local/resources/extraResources/lightning-services/php-7.4.1+16/bin/win64/ext\php_imagick.dll (The specified module could not be found.), C:/Users/TingLau/AppData/Local/Programs/Local/resources/extraResources/lightning-services/php-7.4.1+16/bin/win64/ext\php_php_imagick.dll.dll (The specified module could not be found.)) in Unknown on line 0
[18-Mar-2022 23:37:17 UTC] PHP Warning:  PHP Startup: Unable to load dynamic library 'php_imagick.dll' (tried: C:/Users/TingLau/AppData/Local/Programs/Local/resources/extraResources/lightning-services/php-7.4.1+16/bin/win64/ext\php_imagick.dll (The specified module could not be found.), C:/Users/TingLau/AppData/Local/Programs/Local/resources/extraResources/lightning-services/php-7.4.1+16/bin/win64/ext\php_php_imagick.dll.dll (The specified module could not be found.)) in Unknown on line 0
[18-Mar-2022 23:37:18 UTC] PHP Warning:  PHP Startup: Unable to load dynamic library 'php_imagick.dll' (tried: C:/Users/TingLau/AppData/Local/Programs/Local/resources/extraResources/lightning-services/php-7.4.1+16/bin/win64/ext\php_imagick.dll (The specified module could not be found.), C:/Users/TingLau/AppData/Local/Programs/Local/resources/extraResources/lightning-services/php-7.4.1+16/bin/win64/ext\php_php_imagick.dll.dll (The specified module could not be found.)) in Unknown on line 0
[18-Mar-2022 23:37:18 UTC] PHP Warning:  PHP Startup: Unable to load dynamic library 'php_imagick.dll' (tried: C:/Users/TingLau/AppData/Local/Programs/Local/resources/extraResources/lightning-services/php-7.4.1+16/bin/win64/ext\php_imagick.dll (The specified module could not be found.), C:/Users/TingLau/AppData/Local/Programs/Local/resources/extraResources/lightning-services/php-7.4.1+16/bin/win64/ext\php_php_imagick.dll.dll (The specified module could not be found.)) in Unknown on line 0
[18-Mar-2022 23:37:18 UTC] PHP Warning:  PHP Startup: Unable to load dynamic library 'php_imagick.dll' (tried: C:/Users/TingLau/AppData/Local/Programs/Local/resources/extraResources/lightning-services/php-7.4.1+16/bin/win64/ext\php_imagick.dll (The specified module could not be found.), C:/Users/TingLau/AppData/Local/Programs/Local/resources/extraResources/lightning-services/php-7.4.1+16/bin/win64/ext\php_php_imagick.dll.dll (The specified module could not be found.)) in Unknown on line 0
[19-Mar-2022 01:02:52 UTC] PHP Warning:  PHP Startup: Unable to load dynamic library 'php_imagick.dll' (tried: C:/Users/TingLau/AppData/Local/Programs/Local/resources/extraResources/lightning-services/php-7.4.1+16/bin/win64/ext\php_imagick.dll (The specified module could not be found.), C:/Users/TingLau/AppData/Local/Programs/Local/resources/extraResources/lightning-services/php-7.4.1+16/bin/win64/ext\php_php_imagick.dll.dll (The specified module could not be found.)) in Unknown on line 0
[19-Mar-2022 01:02:53 UTC] PHP Warning:  PHP Startup: Unable to load dynamic library 'php_imagick.dll' (tried: C:/Users/TingLau/AppData/Local/Programs/Local/resources/extraResources/lightning-services/php-7.4.1+16/bin/win64/ext\php_imagick.dll (The specified module could not be found.), C:/Users/TingLau/AppData/Local/Programs/Local/resources/extraResources/lightning-services/php-7.4.1+16/bin/win64/ext\php_php_imagick.dll.dll (The specified module could not be found.)) in Unknown on line 0
[19-Mar-2022 01:02:53 UTC] PHP Warning:  PHP Startup: Unable to load dynamic library 'php_imagick.dll' (tried: C:/Users/TingLau/AppData/Local/Programs/Local/resources/extraResources/lightning-services/php-7.4.1+16/bin/win64/ext\php_imagick.dll (The specified module could not be found.), C:/Users/TingLau/AppData/Local/Programs/Local/resources/extraResources/lightning-services/php-7.4.1+16/bin/win64/ext\php_php_imagick.dll.dll (The specified module could not be found.)) in Unknown on line 0
[19-Mar-2022 01:02:53 UTC] PHP Warning:  PHP Startup: Unable to load dynamic library 'php_imagick.dll' (tried: C:/Users/TingLau/AppData/Local/Programs/Local/resources/extraResources/lightning-services/php-7.4.1+16/bin/win64/ext\php_imagick.dll (The specified module could not be found.), C:/Users/TingLau/AppData/Local/Programs/Local/resources/extraResources/lightning-services/php-7.4.1+16/bin/win64/ext\php_php_imagick.dll.dll (The specified module could not be found.)) in Unknown on line 0
[19-Mar-2022 01:24:15 UTC] PHP Fatal error:  Cannot redeclare wp_get_server_protocol() (previously declared in C:\Users\TingLau\Local Sites\devlau00039mtm6303inclass6\app\public\wp-includes\load.php:15) in C:\Users\TingLau\Local Sites\devlau00039mtm6303inclass6\app\public\wp-includes\load.php on line 15
[19-Mar-2022 01:24:15 UTC] PHP Fatal error:  Cannot redeclare wp_get_server_protocol() (previously declared in C:\Users\TingLau\Local Sites\devlau00039mtm6303inclass6\app\public\wp-includes\load.php:15) in C:\Users\TingLau\Local Sites\devlau00039mtm6303inclass6\app\public\wp-includes\load.php on line 15
[19-Mar-2022 01:24:15 UTC] PHP Stack trace:
[19-Mar-2022 01:24:15 UTC] PHP Stack trace:
[19-Mar-2022 01:24:15 UTC] PHP   1. {main}() C:\Users\TingLau\AppData\Local\Programs\Local\resources\extraResources\bin\wp-cli\wp-cli.phar:0
[19-Mar-2022 01:24:15 UTC] PHP   1. {main}() C:\Users\TingLau\AppData\Local\Programs\Local\resources\extraResources\bin\wp-cli\wp-cli.phar:0
[19-Mar-2022 01:24:15 UTC] PHP   2. include() C:\Users\TingLau\AppData\Local\Programs\Local\resources\extraResources\bin\wp-cli\wp-cli.phar:4
[19-Mar-2022 01:24:15 UTC] PHP   2. include() C:\Users\TingLau\AppData\Local\Programs\Local\resources\extraResources\bin\wp-cli\wp-cli.phar:4
[19-Mar-2022 01:24:15 UTC] PHP   3. include() phar://C:/Users/TingLau/AppData/Local/Programs/Local/resources/extraResources/bin/wp-cli/wp-cli.phar/php/boot-phar.php:11
[19-Mar-2022 01:24:15 UTC] PHP   3. include() phar://C:/Users/TingLau/AppData/Local/Programs/Local/resources/extraResources/bin/wp-cli/wp-cli.phar/php/boot-phar.php:11
[19-Mar-2022 01:24:15 UTC] PHP   4. WP_CLI\bootstrap() phar://C:/Users/TingLau/AppData/Local/Programs/Local/resources/extraResources/bin/wp-cli/wp-cli.phar/vendor/wp-cli/wp-cli/php/wp-cli.php:27
[19-Mar-2022 01:24:15 UTC] PHP   4. WP_CLI\bootstrap() phar://C:/Users/TingLau/AppData/Local/Programs/Local/resources/extraResources/bin/wp-cli/wp-cli.phar/vendor/wp-cli/wp-cli/php/wp-cli.php:27
[19-Mar-2022 01:24:15 UTC] PHP   5. WP_CLI\Bootstrap\LaunchRunner->process() phar://C:/Users/TingLau/AppData/Local/Programs/Local/resources/extraResources/bin/wp-cli/wp-cli.phar/vendor/wp-cli/wp-cli/php/bootstrap.php:78
[19-Mar-2022 01:24:15 UTC] PHP   5. WP_CLI\Bootstrap\LaunchRunner->process() phar://C:/Users/TingLau/AppData/Local/Programs/Local/resources/extraResources/bin/wp-cli/wp-cli.phar/vendor/wp-cli/wp-cli/php/bootstrap.php:78
[19-Mar-2022 01:24:15 UTC] PHP   6. WP_CLI\Runner->start() phar://C:/Users/TingLau/AppData/Local/Programs/Local/resources/extraResources/bin/wp-cli/wp-cli.phar/vendor/wp-cli/wp-cli/php/WP_CLI/Bootstrap/LaunchRunner.php:28
[19-Mar-2022 01:24:15 UTC] PHP   6. WP_CLI\Runner->start() phar://C:/Users/TingLau/AppData/Local/Programs/Local/resources/extraResources/bin/wp-cli/wp-cli.phar/vendor/wp-cli/wp-cli/php/WP_CLI/Bootstrap/LaunchRunner.php:28
[19-Mar-2022 01:24:15 UTC] PHP   7. WP_CLI\Runner->load_wordpress() phar://C:/Users/TingLau/AppData/Local/Programs/Local/resources/extraResources/bin/wp-cli/wp-cli.phar/vendor/wp-cli/wp-cli/php/WP_CLI/Runner.php:1235
[19-Mar-2022 01:24:15 UTC] PHP   7. WP_CLI\Runner->load_wordpress() phar://C:/Users/TingLau/AppData/Local/Programs/Local/resources/extraResources/bin/wp-cli/wp-cli.phar/vendor/wp-cli/wp-cli/php/WP_CLI/Runner.php:1235
[19-Mar-2022 01:24:15 UTC] PHP   8. require() phar://C:/Users/TingLau/AppData/Local/Programs/Local/resources/extraResources/bin/wp-cli/wp-cli.phar/vendor/wp-cli/wp-cli/php/WP_CLI/Runner.php:1317
[19-Mar-2022 01:24:15 UTC] PHP   8. require() phar://C:/Users/TingLau/AppData/Local/Programs/Local/resources/extraResources/bin/wp-cli/wp-cli.phar/vendor/wp-cli/wp-cli/php/WP_CLI/Runner.php:1317
[19-Mar-2022 01:24:16 UTC] PHP Fatal error:  Cannot redeclare wp_get_server_protocol() (previously declared in C:\Users\TingLau\Local Sites\devlau00039mtm6303inclass6\app\public\wp-includes\load.php:15) in C:\Users\TingLau\Local Sites\devlau00039mtm6303inclass6\app\public\wp-includes\load.php on line 15
[19-Mar-2022 01:24:16 UTC] PHP Stack trace:
[19-Mar-2022 01:24:16 UTC] PHP   1. {main}() C:\Users\TingLau\AppData\Local\Programs\Local\resources\extraResources\bin\wp-cli\wp-cli.phar:0
[19-Mar-2022 01:24:16 UTC] PHP   2. include() C:\Users\TingLau\AppData\Local\Programs\Local\resources\extraResources\bin\wp-cli\wp-cli.phar:4
[19-Mar-2022 01:24:16 UTC] PHP   3. include() phar://C:/Users/TingLau/AppData/Local/Programs/Local/resources/extraResources/bin/wp-cli/wp-cli.phar/php/boot-phar.php:11
[19-Mar-2022 01:24:16 UTC] PHP   4. WP_CLI\bootstrap() phar://C:/Users/TingLau/AppData/Local/Programs/Local/resources/extraResources/bin/wp-cli/wp-cli.phar/vendor/wp-cli/wp-cli/php/wp-cli.php:27
[19-Mar-2022 01:24:16 UTC] PHP   5. WP_CLI\Bootstrap\LaunchRunner->process() phar://C:/Users/TingLau/AppData/Local/Programs/Local/resources/extraResources/bin/wp-cli/wp-cli.phar/vendor/wp-cli/wp-cli/php/bootstrap.php:78
[19-Mar-2022 01:24:16 UTC] PHP   6. WP_CLI\Runner->start() phar://C:/Users/TingLau/AppData/Local/Programs/Local/resources/extraResources/bin/wp-cli/wp-cli.phar/vendor/wp-cli/wp-cli/php/WP_CLI/Bootstrap/LaunchRunner.php:28
[19-Mar-2022 01:24:16 UTC] PHP   7. WP_CLI\Runner->load_wordpress() phar://C:/Users/TingLau/AppData/Local/Programs/Local/resources/extraResources/bin/wp-cli/wp-cli.phar/vendor/wp-cli/wp-cli/php/WP_CLI/Runner.php:1235
[19-Mar-2022 01:24:16 UTC] PHP   8. require() phar://C:/Users/TingLau/AppData/Local/Programs/Local/resources/extraResources/bin/wp-cli/wp-cli.phar/vendor/wp-cli/wp-cli/php/WP_CLI/Runner.php:1317
[19-Mar-2022 01:24:16 UTC] PHP Fatal error:  Cannot redeclare wp_get_server_protocol() (previously declared in C:\Users\TingLau\Local Sites\devlau00039mtm6303inclass6\app\public\wp-includes\load.php:15) in C:\Users\TingLau\Local Sites\devlau00039mtm6303inclass6\app\public\wp-includes\load.php on line 15
[19-Mar-2022 01:24:16 UTC] PHP Stack trace:
[19-Mar-2022 01:24:16 UTC] PHP   1. {main}() C:\Users\TingLau\AppData\Local\Programs\Local\resources\extraResources\bin\wp-cli\wp-cli.phar:0
[19-Mar-2022 01:24:16 UTC] PHP   2. include() C:\Users\TingLau\AppData\Local\Programs\Local\resources\extraResources\bin\wp-cli\wp-cli.phar:4
[19-Mar-2022 01:24:16 UTC] PHP   3. include() phar://C:/Users/TingLau/AppData/Local/Programs/Local/resources/extraResources/bin/wp-cli/wp-cli.phar/php/boot-phar.php:11
[19-Mar-2022 01:24:16 UTC] PHP   4. WP_CLI\bootstrap() phar://C:/Users/TingLau/AppData/Local/Programs/Local/resources/extraResources/bin/wp-cli/wp-cli.phar/vendor/wp-cli/wp-cli/php/wp-cli.php:27
[19-Mar-2022 01:24:16 UTC] PHP   5. WP_CLI\Bootstrap\LaunchRunner->process() phar://C:/Users/TingLau/AppData/Local/Programs/Local/resources/extraResources/bin/wp-cli/wp-cli.phar/vendor/wp-cli/wp-cli/php/bootstrap.php:78
[19-Mar-2022 01:24:16 UTC] PHP   6. WP_CLI\Runner->start() phar://C:/Users/TingLau/AppData/Local/Programs/Local/resources/extraResources/bin/wp-cli/wp-cli.phar/vendor/wp-cli/wp-cli/php/WP_CLI/Bootstrap/LaunchRunner.php:28
[19-Mar-2022 01:24:16 UTC] PHP   7. WP_CLI\Runner->load_wordpress() phar://C:/Users/TingLau/AppData/Local/Programs/Local/resources/extraResources/bin/wp-cli/wp-cli.phar/vendor/wp-cli/wp-cli/php/WP_CLI/Runner.php:1235
[19-Mar-2022 01:24:16 UTC] PHP   8. require() phar://C:/Users/TingLau/AppData/Local/Programs/Local/resources/extraResources/bin/wp-cli/wp-cli.phar/vendor/wp-cli/wp-cli/php/WP_CLI/Runner.php:1317
[19-Mar-2022 01:29:27 UTC] PHP Fatal error:  Cannot redeclare wp_get_server_protocol() (previously declared in C:\Users\TingLau\Local Sites\devlau00039mtm6303inclass6\app\public\wp-includes\load.php:15) in C:\Users\TingLau\Local Sites\devlau00039mtm6303inclass6\app\public\wp-includes\load.php on line 15
[19-Mar-2022 01:29:27 UTC] PHP Stack trace:
[19-Mar-2022 01:29:27 UTC] PHP   1. {main}() C:\Users\TingLau\AppData\Local\Programs\Local\resources\extraResources\bin\wp-cli\wp-cli.phar:0
[19-Mar-2022 01:29:27 UTC] PHP   2. include() C:\Users\TingLau\AppData\Local\Programs\Local\resources\extraResources\bin\wp-cli\wp-cli.phar:4
[19-Mar-2022 01:29:27 UTC] PHP   3. include() phar://C:/Users/TingLau/AppData/Local/Programs/Local/resources/extraResources/bin/wp-cli/wp-cli.phar/php/boot-phar.php:11
[19-Mar-2022 01:29:27 UTC] PHP   4. WP_CLI\bootstrap() phar://C:/Users/TingLau/AppData/Local/Programs/Local/resources/extraResources/bin/wp-cli/wp-cli.phar/vendor/wp-cli/wp-cli/php/wp-cli.php:27
[19-Mar-2022 01:29:27 UTC] PHP   5. WP_CLI\Bootstrap\LaunchRunner->process() phar://C:/Users/TingLau/AppData/Local/Programs/Local/resources/extraResources/bin/wp-cli/wp-cli.phar/vendor/wp-cli/wp-cli/php/bootstrap.php:78
[19-Mar-2022 01:29:27 UTC] PHP   6. WP_CLI\Runner->start() phar://C:/Users/TingLau/AppData/Local/Programs/Local/resources/extraResources/bin/wp-cli/wp-cli.phar/vendor/wp-cli/wp-cli/php/WP_CLI/Bootstrap/LaunchRunner.php:28
[19-Mar-2022 01:29:27 UTC] PHP   7. WP_CLI\Runner->load_wordpress() phar://C:/Users/TingLau/AppData/Local/Programs/Local/resources/extraResources/bin/wp-cli/wp-cli.phar/vendor/wp-cli/wp-cli/php/WP_CLI/Runner.php:1235
[19-Mar-2022 01:29:27 UTC] PHP   8. require() phar://C:/Users/TingLau/AppData/Local/Programs/Local/resources/extraResources/bin/wp-cli/wp-cli.phar/vendor/wp-cli/wp-cli/php/WP_CLI/Runner.php:1317
[19-Mar-2022 01:29:27 UTC] PHP Fatal error:  Cannot redeclare wp_get_server_protocol() (previously declared in C:\Users\TingLau\Local Sites\devlau00039mtm6303inclass6\app\public\wp-includes\load.php:15) in C:\Users\TingLau\Local Sites\devlau00039mtm6303inclass6\app\public\wp-includes\load.php on line 15
[19-Mar-2022 01:29:27 UTC] PHP Stack trace:
[19-Mar-2022 01:29:27 UTC] PHP   1. {main}() C:\Users\TingLau\AppData\Local\Programs\Local\resources\extraResources\bin\wp-cli\wp-cli.phar:0
[19-Mar-2022 01:29:27 UTC] PHP   2. include() C:\Users\TingLau\AppData\Local\Programs\Local\resources\extraResources\bin\wp-cli\wp-cli.phar:4
[19-Mar-2022 01:29:27 UTC] PHP   3. include() phar://C:/Users/TingLau/AppData/Local/Programs/Local/resources/extraResources/bin/wp-cli/wp-cli.phar/php/boot-phar.php:11
[19-Mar-2022 01:29:27 UTC] PHP   4. WP_CLI\bootstrap() phar://C:/Users/TingLau/AppData/Local/Programs/Local/resources/extraResources/bin/wp-cli/wp-cli.phar/vendor/wp-cli/wp-cli/php/wp-cli.php:27
[19-Mar-2022 01:29:27 UTC] PHP   5. WP_CLI\Bootstrap\LaunchRunner->process() phar://C:/Users/TingLau/AppData/Local/Programs/Local/resources/extraResources/bin/wp-cli/wp-cli.phar/vendor/wp-cli/wp-cli/php/bootstrap.php:78
[19-Mar-2022 01:29:27 UTC] PHP   6. WP_CLI\Runner->start() phar://C:/Users/TingLau/AppData/Local/Programs/Local/resources/extraResources/bin/wp-cli/wp-cli.phar/vendor/wp-cli/wp-cli/php/WP_CLI/Bootstrap/LaunchRunner.php:28
[19-Mar-2022 01:29:27 UTC] PHP   7. WP_CLI\Runner->load_wordpress() phar://C:/Users/TingLau/AppData/Local/Programs/Local/resources/extraResources/bin/wp-cli/wp-cli.phar/vendor/wp-cli/wp-cli/php/WP_CLI/Runner.php:1235
[19-Mar-2022 01:29:27 UTC] PHP   8. require() phar://C:/Users/TingLau/AppData/Local/Programs/Local/resources/extraResources/bin/wp-cli/wp-cli.phar/vendor/wp-cli/wp-cli/php/WP_CLI/Runner.php:1317
[19-Mar-2022 01:29:28 UTC] PHP Fatal error:  Cannot redeclare wp_get_server_protocol() (previously declared in C:\Users\TingLau\Local Sites\devlau00039mtm6303inclass6\app\public\wp-includes\load.php:15) in C:\Users\TingLau\Local Sites\devlau00039mtm6303inclass6\app\public\wp-includes\load.php on line 15
[19-Mar-2022 01:29:28 UTC] PHP Stack trace:
[19-Mar-2022 01:29:28 UTC] PHP   1. {main}() C:\Users\TingLau\AppData\Local\Programs\Local\resources\extraResources\bin\wp-cli\wp-cli.phar:0
[19-Mar-2022 01:29:28 UTC] PHP   2. include() C:\Users\TingLau\AppData\Local\Programs\Local\resources\extraResources\bin\wp-cli\wp-cli.phar:4
[19-Mar-2022 01:29:28 UTC] PHP   3. include() phar://C:/Users/TingLau/AppData/Local/Programs/Local/resources/extraResources/bin/wp-cli/wp-cli.phar/php/boot-phar.php:11
[19-Mar-2022 01:29:28 UTC] PHP   4. WP_CLI\bootstrap() phar://C:/Users/TingLau/AppData/Local/Programs/Local/resources/extraResources/bin/wp-cli/wp-cli.phar/vendor/wp-cli/wp-cli/php/wp-cli.php:27
[19-Mar-2022 01:29:28 UTC] PHP   5. WP_CLI\Bootstrap\LaunchRunner->process() phar://C:/Users/TingLau/AppData/Local/Programs/Local/resources/extraResources/bin/wp-cli/wp-cli.phar/vendor/wp-cli/wp-cli/php/bootstrap.php:78
[19-Mar-2022 01:29:28 UTC] PHP   6. WP_CLI\Runner->start() phar://C:/Users/TingLau/AppData/Local/Programs/Local/resources/extraResources/bin/wp-cli/wp-cli.phar/vendor/wp-cli/wp-cli/php/WP_CLI/Bootstrap/LaunchRunner.php:28
[19-Mar-2022 01:29:28 UTC] PHP   7. WP_CLI\Runner->load_wordpress() phar://C:/Users/TingLau/AppData/Local/Programs/Local/resources/extraResources/bin/wp-cli/wp-cli.phar/vendor/wp-cli/wp-cli/php/WP_CLI/Runner.php:1235
[19-Mar-2022 01:29:28 UTC] PHP   8. require() phar://C:/Users/TingLau/AppData/Local/Programs/Local/resources/extraResources/bin/wp-cli/wp-cli.phar/vendor/wp-cli/wp-cli/php/WP_CLI/Runner.php:1317
[19-Mar-2022 01:29:28 UTC] PHP Fatal error:  Cannot redeclare wp_get_server_protocol() (previously declared in C:\Users\TingLau\Local Sites\devlau00039mtm6303inclass6\app\public\wp-includes\load.php:15) in C:\Users\TingLau\Local Sites\devlau00039mtm6303inclass6\app\public\wp-includes\load.php on line 15
[19-Mar-2022 01:29:28 UTC] PHP Stack trace:
[19-Mar-2022 01:29:28 UTC] PHP   1. {main}() C:\Users\TingLau\AppData\Local\Programs\Local\resources\extraResources\bin\wp-cli\wp-cli.phar:0
[19-Mar-2022 01:29:28 UTC] PHP   2. include() C:\Users\TingLau\AppData\Local\Programs\Local\resources\extraResources\bin\wp-cli\wp-cli.phar:4
[19-Mar-2022 01:29:28 UTC] PHP   3. include() phar://C:/Users/TingLau/AppData/Local/Programs/Local/resources/extraResources/bin/wp-cli/wp-cli.phar/php/boot-phar.php:11
[19-Mar-2022 01:29:28 UTC] PHP   4. WP_CLI\bootstrap() phar://C:/Users/TingLau/AppData/Local/Programs/Local/resources/extraResources/bin/wp-cli/wp-cli.phar/vendor/wp-cli/wp-cli/php/wp-cli.php:27
[19-Mar-2022 01:29:28 UTC] PHP   5. WP_CLI\Bootstrap\LaunchRunner->process() phar://C:/Users/TingLau/AppData/Local/Programs/Local/resources/extraResources/bin/wp-cli/wp-cli.phar/vendor/wp-cli/wp-cli/php/bootstrap.php:78
[19-Mar-2022 01:29:28 UTC] PHP   6. WP_CLI\Runner->start() phar://C:/Users/TingLau/AppData/Local/Programs/Local/resources/extraResources/bin/wp-cli/wp-cli.phar/vendor/wp-cli/wp-cli/php/WP_CLI/Bootstrap/LaunchRunner.php:28
[19-Mar-2022 01:29:28 UTC] PHP   7. WP_CLI\Runner->load_wordpress() phar://C:/Users/TingLau/AppData/Local/Programs/Local/resources/extraResources/bin/wp-cli/wp-cli.phar/vendor/wp-cli/wp-cli/php/WP_CLI/Runner.php:1235
[19-Mar-2022 01:29:28 UTC] PHP   8. require() phar://C:/Users/TingLau/AppData/Local/Programs/Local/resources/extraResources/bin/wp-cli/wp-cli.phar/vendor/wp-cli/wp-cli/php/WP_CLI/Runner.php:1317
[19-Mar-2022 01:29:37 UTC] PHP Fatal error:  Cannot redeclare wp_get_server_protocol() (previously declared in C:\Users\TingLau\Local Sites\devlau00039mtm6303inclass6\app\public\wp-includes\load.php:15) in C:\Users\TingLau\Local Sites\devlau00039mtm6303inclass6\app\public\wp-includes\load.php on line 15
[19-Mar-2022 01:29:37 UTC] PHP Stack trace:
[19-Mar-2022 01:29:37 UTC] PHP   1. {main}() C:\Users\TingLau\AppData\Local\Programs\Local\resources\extraResources\bin\wp-cli\wp-cli.phar:0
[19-Mar-2022 01:29:37 UTC] PHP   2. include() C:\Users\TingLau\AppData\Local\Programs\Local\resources\extraResources\bin\wp-cli\wp-cli.phar:4
[19-Mar-2022 01:29:37 UTC] PHP   3. include() phar://C:/Users/TingLau/AppData/Local/Programs/Local/resources/extraResources/bin/wp-cli/wp-cli.phar/php/boot-phar.php:11
[19-Mar-2022 01:29:37 UTC] PHP   4. WP_CLI\bootstrap() phar://C:/Users/TingLau/AppData/Local/Programs/Local/resources/extraResources/bin/wp-cli/wp-cli.phar/vendor/wp-cli/wp-cli/php/wp-cli.php:27
[19-Mar-2022 01:29:37 UTC] PHP   5. WP_CLI\Bootstrap\LaunchRunner->process() phar://C:/Users/TingLau/AppData/Local/Programs/Local/resources/extraResources/bin/wp-cli/wp-cli.phar/vendor/wp-cli/wp-cli/php/bootstrap.php:78
[19-Mar-2022 01:29:37 UTC] PHP   6. WP_CLI\Runner->start() phar://C:/Users/TingLau/AppData/Local/Programs/Local/resources/extraResources/bin/wp-cli/wp-cli.phar/vendor/wp-cli/wp-cli/php/WP_CLI/Bootstrap/LaunchRunner.php:28
[19-Mar-2022 01:29:37 UTC] PHP   7. WP_CLI\Runner->load_wordpress() phar://C:/Users/TingLau/AppData/Local/Programs/Local/resources/extraResources/bin/wp-cli/wp-cli.phar/vendor/wp-cli/wp-cli/php/WP_CLI/Runner.php:1235
[19-Mar-2022 01:29:37 UTC] PHP   8. require() phar://C:/Users/TingLau/AppData/Local/Programs/Local/resources/extraResources/bin/wp-cli/wp-cli.phar/vendor/wp-cli/wp-cli/php/WP_CLI/Runner.php:1317
[19-Mar-2022 01:29:38 UTC] PHP Fatal error:  Cannot redeclare wp_get_server_protocol() (previously declared in C:\Users\TingLau\Local Sites\devlau00039mtm6303inclass6\app\public\wp-includes\load.php:15) in C:\Users\TingLau\Local Sites\devlau00039mtm6303inclass6\app\public\wp-includes\load.php on line 15
[19-Mar-2022 01:29:38 UTC] PHP Stack trace:
[19-Mar-2022 01:29:38 UTC] PHP   1. {main}() C:\Users\TingLau\AppData\Local\Programs\Local\resources\extraResources\bin\wp-cli\wp-cli.phar:0
[19-Mar-2022 01:29:38 UTC] PHP   2. include() C:\Users\TingLau\AppData\Local\Programs\Local\resources\extraResources\bin\wp-cli\wp-cli.phar:4
[19-Mar-2022 01:29:38 UTC] PHP   3. include() phar://C:/Users/TingLau/AppData/Local/Programs/Local/resources/extraResources/bin/wp-cli/wp-cli.phar/php/boot-phar.php:11
[19-Mar-2022 01:29:38 UTC] PHP   4. WP_CLI\bootstrap() phar://C:/Users/TingLau/AppData/Local/Programs/Local/resources/extraResources/bin/wp-cli/wp-cli.phar/vendor/wp-cli/wp-cli/php/wp-cli.php:27
[19-Mar-2022 01:29:38 UTC] PHP   5. WP_CLI\Bootstrap\LaunchRunner->process() phar://C:/Users/TingLau/AppData/Local/Programs/Local/resources/extraResources/bin/wp-cli/wp-cli.phar/vendor/wp-cli/wp-cli/php/bootstrap.php:78
[19-Mar-2022 01:29:38 UTC] PHP   6. WP_CLI\Runner->start() phar://C:/Users/TingLau/AppData/Local/Programs/Local/resources/extraResources/bin/wp-cli/wp-cli.phar/vendor/wp-cli/wp-cli/php/WP_CLI/Bootstrap/LaunchRunner.php:28
[19-Mar-2022 01:29:38 UTC] PHP   7. WP_CLI\Runner->load_wordpress() phar://C:/Users/TingLau/AppData/Local/Programs/Local/resources/extraResources/bin/wp-cli/wp-cli.phar/vendor/wp-cli/wp-cli/php/WP_CLI/Runner.php:1235
[19-Mar-2022 01:29:38 UTC] PHP   8. require() phar://C:/Users/TingLau/AppData/Local/Programs/Local/resources/extraResources/bin/wp-cli/wp-cli.phar/vendor/wp-cli/wp-cli/php/WP_CLI/Runner.php:1317
[19-Mar-2022 01:29:54 UTC] PHP Warning:  PHP Startup: Unable to load dynamic library 'php_imagick.dll' (tried: C:/Users/TingLau/AppData/Local/Programs/Local/resources/extraResources/lightning-services/php-7.4.1+16/bin/win64/ext\php_imagick.dll (The specified module could not be found.), C:/Users/TingLau/AppData/Local/Programs/Local/resources/extraResources/lightning-services/php-7.4.1+16/bin/win64/ext\php_php_imagick.dll.dll (The specified module could not be found.)) in Unknown on line 0
[19-Mar-2022 01:29:55 UTC] PHP Warning:  PHP Startup: Unable to load dynamic library 'php_imagick.dll' (tried: C:/Users/TingLau/AppData/Local/Programs/Local/resources/extraResources/lightning-services/php-7.4.1+16/bin/win64/ext\php_imagick.dll (The specified module could not be found.), C:/Users/TingLau/AppData/Local/Programs/Local/resources/extraResources/lightning-services/php-7.4.1+16/bin/win64/ext\php_php_imagick.dll.dll (The specified module could not be found.)) in Unknown on line 0
[19-Mar-2022 01:29:55 UTC] PHP Warning:  PHP Startup: Unable to load dynamic library 'php_imagick.dll' (tried: C:/Users/TingLau/AppData/Local/Programs/Local/resources/extraResources/lightning-services/php-7.4.1+16/bin/win64/ext\php_imagick.dll (The specified module could not be found.), C:/Users/TingLau/AppData/Local/Programs/Local/resources/extraResources/lightning-services/php-7.4.1+16/bin/win64/ext\php_php_imagick.dll.dll (The specified module could not be found.)) in Unknown on line 0
[19-Mar-2022 01:29:55 UTC] PHP Warning:  PHP Startup: Unable to load dynamic library 'php_imagick.dll' (tried: C:/Users/TingLau/AppData/Local/Programs/Local/resources/extraResources/lightning-services/php-7.4.1+16/bin/win64/ext\php_imagick.dll (The specified module could not be found.), C:/Users/TingLau/AppData/Local/Programs/Local/resources/extraResources/lightning-services/php-7.4.1+16/bin/win64/ext\php_php_imagick.dll.dll (The specified module could not be found.)) in Unknown on line 0
